<?xml version="1.0" encoding="UTF-8"?>
<!-- Generated by org.testng.reporters.JUnitReportReporter -->
<testsuite hostname="HARSHALGALE" failures="0" tests="1" name="basic.ReadDatafromExcel" time="1.099" errors="0" timestamp="2023-12-04T10:34:27 IST" skipped="0">
  <testcase classname="basic.ReadDatafromExcel" name="vtigerexcel" time="1.099"/>
</testsuite> <!-- basic.ReadDatafromExcel -->
