<?xml version="1.0" encoding="UTF-8"?>
<!-- Generated by org.testng.reporters.JUnitReportReporter -->
<testsuite hostname="HARSHALGALE" failures="0" tests="3" name="basic.execution" time="42.709" errors="0" timestamp="2023-12-04T10:51:59 IST" skipped="0">
  <testcase classname="basic.execution" name="swiggy" time="4.015"/>
  <testcase classname="basic.execution" name="Facebook" time="34.300"/>
  <testcase classname="basic.execution" name="Zomato" time="4.394"/>
</testsuite> <!-- basic.execution -->
