<?xml version="1.0" encoding="UTF-8"?>
<!-- Generated by org.testng.reporters.JUnitReportReporter -->
<testsuite hostname="HARSHALGALE" failures="0" tests="1" name="basic.ReadData" time="7.737" errors="0" timestamp="2023-12-04T10:20:59 IST" skipped="0">
  <testcase classname="basic.ReadData" name="vtiger" time="7.737"/>
</testsuite> <!-- basic.ReadData -->
